1rdqE1.pdb1	1rdqI1.pdb1
1jbuX1.pdb1	1jbuH1.pdb1
5fmkB1.pdb1	5fmkA1.pdb1
3jb6B1.pdb1	3jb6C1.pdb1
5jbtY1.pdb1	5jbtX1.pdb1
3jbqX1.pdb1	3jbqF1.pdb1
5ixfA1.pdb1	5ixfB1.pdb1
3ixtA1.pdb2	3ixtC1.pdb2
6ixqA1.pdb1	6ixqB1.pdb1
5ixdB1.pdb1	5ixdA1.pdb1
2okrA1.pdb1	2okrC1.pdb1
6ixpF1.pdb2	6ixpD1.pdb2
6ixpE1.pdb2	6ixpD1.pdb2
6bd2A1.pdb1	6bd2C1.pdb1
2qmeI2.pdb2	2qmeA2.pdb2
4pbzB1.pdb1	4pbzA1.pdb1
4tt3E1.pdb1	4tt3J1.pdb1
6bfcB1.pdb2	6bfcb1.pdb2
1tt5B1.pdb1	1tt5E1.pdb1
1ttwB2.pdb1	1ttwA2.pdb1
6njgB1.pdb1	6njgC1.pdb1
1kkqD1.pdb4	1kkqH1.pdb4
5fn3G1.pdb1	5fn3B1.pdb1
5oakC1.pdb2	5oakD1.pdb2
5hjsA1.pdb1	5hjsC1.pdb1
1oauO1.pdb4	1oauK1.pdb4
5oavD1.pdb2	5oavC1.pdb2
6igkA1.pdb1	6igkB1.pdb1
5glfC1.pdb2	5glfD1.pdb2
3glwZ3.pdb1	3glwA3.pdb1
3sl9D1.pdb2	3sl9B1.pdb2
4glyA1.pdb1	4glyB1.pdb1
5g05G1.pdb1	5g05J1.pdb1
5khuN1.pdb1	5khuB1.pdb1
1zhlA1.pdb1	1zhlC1.pdb1
3izoB1.pdb1	3izoF1.pdb1
2izxB1.pdb1	2izxC1.pdb1
5izuA1.pdb1	5izuB1.pdb1
4tk1C1.pdb1	4tk1A1.pdb1
5tgiD1.pdb2	5tgiB1.pdb2
6bqtJ1.pdb4	6bqtL1.pdb4
3bqoA1.pdb1	3bqoB1.pdb1
4bqdC1.pdb1	4bqdA1.pdb1
4bq6C1.pdb2	4bq6D1.pdb2
4bqkD1.pdb1	4bqkA1.pdb1
4okfB1.pdb1	4okfA1.pdb1
4no2C1.pdb1	4no2A1.pdb1
6f6dA1.pdb1	6f6dB1.pdb1
4h62Q1.pdb1	4h62K1.pdb1
4h62Q1.pdb1	4h62V1.pdb1
2bvoC1.pdb1	2bvoA1.pdb1
2hjlC1.pdb1	2hjlA1.pdb1
6mq2E1.pdb1	6mq2D1.pdb1
3mqpB1.pdb1	3mqpA1.pdb1
3juaH1.pdb4	3juaG1.pdb4
2rl0E1.pdb3	2rl0D1.pdb3
1srnA1.pdb1	1srnB1.pdb1
6rlxD1.pdb1	6rlxB1.pdb1
6rlxB1.pdb1	6rlxA1.pdb1
2bbaA1.pdb1	2bbaP1.pdb1
5o8kB1.pdb1	5o8kA1.pdb1
2o8mC1.pdb1	2o8mA1.pdb1
6o8cA1.pdb1	6o8cD1.pdb1
4fbwC1.pdb3	4fbwA1.pdb3
1sbwI1.pdb1	1sbwA1.pdb1
4g9jC1.pdb1	4g9jA1.pdb1
2g9hC1.pdb1	2g9hB1.pdb1
6d01I1.pdb1	6d01C1.pdb1
5b56F1.pdb1	5b56B1.pdb1
6d94A1.pdb1	6d94B1.pdb1
4n3bB1.pdb1	4n3bA1.pdb1
2n3kB1.pdb1	2n3kA1.pdb1
5e0lA1.pdb1	5e0lC1.pdb1
1yk0A1.pdb1	1yk0E1.pdb1
5t6yA1.pdb1	5t6yC1.pdb1
3sjhB1.pdb1	3sjhA1.pdb1
5lihA1.pdb1	5lihF1.pdb1
3gmeA3.pdb1	3gmeD3.pdb1
2c5wA1.pdb1	2c5wB1.pdb1
3ra3B1.pdb1	3ra3A1.pdb1
4ralA1.pdb1	4ralD1.pdb1
3lrhB1.pdb1	3lrhA1.pdb1
5okzJ1.pdb2	5okzG1.pdb2
5ok6D1.pdb1	5ok6A1.pdb1
4oktB1.pdb1	4oktA1.pdb1
4dk7C1.pdb1	4dk7D1.pdb1
5vx0B1.pdb1	5vx0A1.pdb1
2vwfA1.pdb1	2vwfB1.pdb1
2lr1B1.pdb1	2lr1A1.pdb1
5u1gK1.pdb1	5u1gD1.pdb1
3u1jB1.pdb1	3u1jA1.pdb1
1br8P2.pdb3	1br8I2.pdb3
2br8B1.pdb1	2br8F1.pdb1
2brqC1.pdb1	2brqA1.pdb1
5brmA1.pdb1	5brmG1.pdb1
4zbjD1.pdb1	4zbjB1.pdb1
2g49C1.pdb1	2g49A1.pdb1
5w93E1.pdb2	5w93B1.pdb2
1ed3C1.pdb1	1ed3A1.pdb1
3up0A1.pdb1	3up0P1.pdb1
2bp3B1.pdb2	2bp3S1.pdb2
2qn6A1.pdb1	2qn6C1.pdb1
2m04A1.pdb1	2m04B1.pdb1
1qgrB1.pdb1	1qgrA1.pdb1
5j7jA1.pdb1	5j7jB1.pdb1
2j7xA1.pdb1	2j7xB1.pdb1
2lueA1.pdb1	2lueB1.pdb1
5lutK1.pdb1	5lutJ2.pdb1
3lu9C1.pdb1	3lu9B1.pdb1
6e5xB1.pdb1	6e5xA1.pdb1
2kqsA1.pdb1	2kqsB1.pdb1
5kq4C1.pdb1	5kq4A1.pdb1
2kqfB1.pdb1	2kqfA1.pdb1
4geqC1.pdb2	4geqE1.pdb2
4a1gG1.pdb3	4a1gC1.pdb3
4a1uB1.pdb1	4a1uA1.pdb1
4a1xC1.pdb1	4a1xA1.pdb1
3a0mF1.pdb2	3a0mE1.pdb2
4tqeH1.pdb1	4tqeA1.pdb1
6czoA1.pdb1	6czoB1.pdb1
4w8pB1.pdb1	4w8pA1.pdb1
6ej9B1.pdb1	6ej9A1.pdb1
2w85A1.pdb1	2w85B1.pdb1
5w89A1.pdb1	5w89B1.pdb1
6jx3B1.pdb1	6jx3A1.pdb1
4i33D1.pdb2	4i33B1.pdb2
2oslQ1.pdb2	2oslA1.pdb2
5osiD1.pdb2	5osiF1.pdb2
1osgF1.pdb2	1osgL1.pdb2
6oswA1.pdb1	6oswB1.pdb1
4g1aC1.pdb1	4g1aB1.pdb1
6atkC1.pdb3	6atkF1.pdb3
1xn3C1.pdb3	1xn3I1.pdb3
6nfjC1.pdb1	6nfjA1.pdb1
4cayB1.pdb1	4cayC1.pdb1
4r6rE1.pdb3	4r6rF1.pdb3
6p07C1.pdb1	6p07G1.pdb1
4oykB1.pdb2	4oykD1.pdb2
4afjB1.pdb2	4afjY1.pdb2
3ox7P1.pdb1	3ox7U1.pdb1
2hwnD1.pdb2	2hwnF1.pdb2
4cimA1.pdb2	4cimP1.pdb2
2hwlD1.pdb1	2hwlP1.pdb1
3si5X1.pdb1	3si5A1.pdb1
4en2E1.pdb2	4en2A1.pdb2
2emtD1.pdb2	2emtB1.pdb2
2emsA1.pdb1	2emsB1.pdb1
1emuA1.pdb1	1emuB1.pdb1
2lxsA1.pdb1	2lxsB1.pdb1
4kp3A1.pdb1	4kp3E1.pdb1
5y59C1.pdb1	5y59B1.pdb1
2y5tE1.pdb1	2y5tG1.pdb1
5y5aB1.pdb1	5y5aA1.pdb1
3rgvC1.pdb1	3rgvE1.pdb1
1h2kA2.pdb1	1h2kS2.pdb1
1d8dP1.pdb1	1d8dB1.pdb1
4p6zT1.pdb1	4p6zM1.pdb1
5oxwD1.pdb4	5oxwG1.pdb4
6mbkA1.pdb1	6mbkY1.pdb1
6j8nC1.pdb2	6j8nD1.pdb2
2mzdB1.pdb1	2mzdA1.pdb1
5ycaC1.pdb1	5ycaA1.pdb1
5yc2B1.pdb1	5yc2A1.pdb1
1dt7X1.pdb1	1dt7A1.pdb1
1i4oA1.pdb1	1i4oC1.pdb1
6gk7A1.pdb1	6gk7H1.pdb1
5fmjB2.pdb1	5fmjA2.pdb1
5gk9A1.pdb1	5gk9B1.pdb1
4b1wM1.pdb1	4b1wB1.pdb1
1f4vD1.pdb1	1f4vA1.pdb1
6gg7B1.pdb1	6gg7C1.pdb1
4b18B1.pdb1	4b18A1.pdb1
3ujiP1.pdb1	3ujiH1.pdb1
5b1zD1.pdb1	5b1zB1.pdb1
6fzfC1.pdb1	6fzfA1.pdb1
5igqA1.pdb1	5igqU1.pdb1
5sxpG1.pdb1	5sxpC1.pdb1
1p4bP1.pdb1	1p4bH1.pdb1
3plvC1.pdb1	3plvA1.pdb1
5ls7A4.pdb1	5ls7D4.pdb1
1n12D1.pdb2	1n12C1.pdb2
2n1gA1.pdb1	2n1gB1.pdb1
5n10C1.pdb1	5n10A1.pdb1
2qyfA1.pdb1	2qyfE1.pdb1
5v6yG1.pdb3	5v6yC1.pdb3
3v62B1.pdb1	3v62C1.pdb1
4hsuA1.pdb1	4hsuB1.pdb1
4xodB1.pdb1	4xodA1.pdb1
3kv4A1.pdb1	3kv4B1.pdb1
4xgzj1.pdb6	4xgzJ1.pdb6
4qy8Q1.pdb1	4qy8B1.pdb1
1n64H1.pdb1	1n64P1.pdb1
1n6eG1.pdb1	1n6eH1.pdb1
2ys5B1.pdb1	2ys5A1.pdb1
6dnoA1.pdb1	6dnoB1.pdb1
6dnqB1.pdb1	6dnqA1.pdb1
5djzA1.pdb1	5djzC1.pdb1
5hvzB1.pdb1	5hvzC1.pdb1
6hvoC1.pdb1	6hvoF1.pdb1
5afpC1.pdb1	5afpB1.pdb1
4tzoF1.pdb3	4tzoE1.pdb3
4tzqB1.pdb1	4tzqA1.pdb1
5u3kC1.pdb2	5u3kA1.pdb2
5tzqA1.pdb1	5tzqD1.pdb1
3tzdT1.pdb1	3tzdA1.pdb1
3tzxC1.pdb2	3tzxB1.pdb2
3tz1B1.pdb1	3tz1A1.pdb1
2xyiB1.pdb1	2xyiA1.pdb1
6cf6C1.pdb1	6cf6B1.pdb1
1cffB1.pdb1	1cffA1.pdb1
4qh7G1.pdb2	4qh7E1.pdb2
4cfhA1.pdb1	4cfhC1.pdb1
3tpmB1.pdb1	3tpmA1.pdb1
4esgB1.pdb2	4esgC1.pdb2
3otpI1.pdb1	3otpC1.pdb1
2ot8D1.pdb2	2ot8B1.pdb2
5w2jB1.pdb1	5w2jF1.pdb1
2w2uB1.pdb2	2w2uD1.pdb2
5jp2A1.pdb1	5jp2E1.pdb1
1jpfC1.pdb1	1jpfA1.pdb1
1jpwD1.pdb1	1jpwA1.pdb1
1jppD1.pdb2	1jppB1.pdb2
5j3tA1.pdb1	5j3tC1.pdb1
6gd5B1.pdb1	6gd5A1.pdb1
1gd2I1.pdb3	1gd2J1.pdb3
4yjlL1.pdb6	4yjlF1.pdb6
1abiI1.pdb1	1abiH1.pdb1
1cq4B4.pdb2	1cq4A4.pdb2
5u3lH1.pdb1	5u3lP1.pdb1
6citC1.pdb1	6citD1.pdb1
6mttH1.pdb1	6mttP1.pdb1
2ci9M1.pdb2	2ci9B1.pdb2
4rwfB1.pdb1	4rwfA1.pdb1
5d5kB1.pdb1	5d5kC1.pdb1
4lbfG1.pdb2	4lbfE1.pdb2
2lb2A1.pdb1	2lb2B1.pdb1
4mviA1.pdb1	4mviB1.pdb1
5we0F1.pdb2	5we0D1.pdb2
3ds4A1.pdb1	3ds4T1.pdb1
2xxnB1.pdb1	2xxnA1.pdb1
2y9qB1.pdb1	2y9qA1.pdb1
1y98B1.pdb2	1y98A1.pdb2
6k71M1.pdb1	6k71P1.pdb1
4k7lA1.pdb1	4k7lB1.pdb1
2o5gA1.pdb1	2o5gB1.pdb1
3g2sB1.pdb2	3g2sD1.pdb2
4wneA1.pdb1	4wneB1.pdb1
2m3oP1.pdb1	2m3oW1.pdb1
5m36C1.pdb1	5m36B1.pdb1
2m32C1.pdb1	2m32A1.pdb1
6mewD1.pdb2	6mewC1.pdb2
4zduB1.pdb1	4zduA1.pdb1
4nm3B1.pdb1	4nm3A1.pdb1
4f1zQ1.pdb1	4f1zA1.pdb1
4asuI1.pdb1	4asuG1.pdb1
4x5wC1.pdb1	4x5wA1.pdb1
5mu2U1.pdb6	5mu2K1.pdb6
6mueA1.pdb1	6mueB1.pdb1
5mu3B1.pdb1	5mu3C1.pdb1
6byjA1.pdb1	6byjG1.pdb1
3byaA1.pdb1	3byaB1.pdb1
6bylG1.pdb1	6bylA1.pdb1
4dlqB1.pdb1	4dlqA1.pdb1
2p1oB1.pdb2	2p1oC1.pdb2
5vauE1.pdb1	5vauA1.pdb1
3zfwX1.pdb1	3zfwA1.pdb1
5n8eA1.pdb1	5n8eH1.pdb1
4n8cX1.pdb1	4n8cH1.pdb1
5n85A1.pdb1	5n85B1.pdb1
5n89M1.pdb2	5n89N1.pdb2
3sriB1.pdb1	3sriA1.pdb1
2n8tA1.pdb1	2n8tB1.pdb1
2n8jA1.pdb1	2n8jB1.pdb1
5n8bB1.pdb1	5n8bC1.pdb1
2l7lA1.pdb1	2l7lB1.pdb1
6k3aF1.pdb1	6k3aE1.pdb1
6s07A1.pdb1	6s07C1.pdb1
5lgrD1.pdb1	5lgrH1.pdb1
3lgeG1.pdb1	3lgeC1.pdb1
2lgfB1.pdb1	2lgfA1.pdb1
4lg6B1.pdb1	4lg6A1.pdb1
1tn6B1.pdb1	1tn6C1.pdb1
2g30P1.pdb1	2g30A1.pdb1
6j68C1.pdb1	6j68A1.pdb1
6jjzA1.pdb1	6jjzC1.pdb1
6a33A1.pdb1	6a33I1.pdb1
2a3zC1.pdb1	2a3zA1.pdb1
1a3rP1.pdb1	1a3rH1.pdb1
1ihsH1.pdb1	1ihsI1.pdb1
6a3aD1.pdb1	6a3aC1.pdb1
2jdiH1.pdb1	2jdiI1.pdb1
1jdpA1.pdb1	1jdpH1.pdb1
2jgbB1.pdb1	2jgbA1.pdb1
2v8fC1.pdb1	2v8fA1.pdb1
5v8kA2.pdb1	5v8kB2.pdb1
2v8cC1.pdb1	2v8cA1.pdb1
4kelB1.pdb1	4kelA1.pdb1
4u7iB1.pdb1	4u7iA1.pdb1
1u7bB1.pdb1	1u7bA1.pdb1
1u76D1.pdb1	1u76C1.pdb1
1yrkA1.pdb1	1yrkB1.pdb1
1yr5B1.pdb1	1yr5A1.pdb1
2voyC1.pdb1	2voyB1.pdb1
5c3fB1.pdb1	5c3fA1.pdb1
2k2iB1.pdb1	2k2iA1.pdb1
1k2dB1.pdb1	1k2dP1.pdb1
5k2mG1.pdb1	5k2mK1.pdb1
3ejhF1.pdb2	3ejhB1.pdb2
3gxvC2.pdb2	3gxvB1.pdb2
4gxbA1.pdb1	4gxbB1.pdb1
4gxlA1.pdb1	4gxlB1.pdb1
3hfcB1.pdb1	3hfcA1.pdb1
5jcyA1.pdb1	5jcyB1.pdb1
4mzjA1.pdb1	4mzjT1.pdb1
4mz5C1.pdb1	4mz5E1.pdb1
3ponB1.pdb3	3ponC1.pdb3
4lopB1.pdb2	4lopL1.pdb2
2lozB1.pdb1	2lozA1.pdb1
2loxB1.pdb1	2loxA1.pdb1
3wygC1.pdb1	3wygD1.pdb1
4b4nA1.pdb1	4b4nB1.pdb1
1gjaB1.pdb1	1gjaA1.pdb1
3gj4C1.pdb2	3gj4D1.pdb2
3gjoA1.pdb1	3gjoE1.pdb1
1un0B1.pdb2	1un0D1.pdb2
4z2oA1.pdb1	4z2oP1.pdb1
5oixB1.pdb1	5oixA1.pdb1
4oihA1.pdb1	4oihB1.pdb1
4oi4A1.pdb1	4oi4B1.pdb1
2arrP1.pdb1	2arrA1.pdb1
2l1wB1.pdb1	2l1wA1.pdb1
2l1rA1.pdb1	2l1rB1.pdb1
4xvjA1.pdb1	4xvjH1.pdb1
5hz3A1.pdb1	5hz3B1.pdb1
5hz0B1.pdb1	5hz0A1.pdb1
2hzsL1.pdb8	2hzsH1.pdb8
2hzsI1.pdb8	2hzsB1.pdb8
4pr5C1.pdb1	4pr5A1.pdb1
4mlsB1.pdb1	4mlsA1.pdb1
3mlsS1.pdb4	3mlsK1.pdb4
3mlvQ1.pdb2	3mlvN1.pdb2
6db5Q1.pdb2	6db5I1.pdb2
2xfxA1.pdb1	2xfxC1.pdb1
1d9kQ1.pdb5	1d9kH1.pdb5
5ni9A1.pdb1	5ni9C1.pdb1
4wviD1.pdb1	4wviA1.pdb1
4prnA1.pdb1	4prnC1.pdb1
4x3gC1.pdb1	4x3gA1.pdb1
6fadA1.pdb1	6fadE1.pdb1
5fa4A1.pdb1	5fa4C1.pdb1
4q5uC1.pdb1	4q5uA1.pdb1
1w70C1.pdb1	1w70A1.pdb1
5l23B1.pdb1	5l23A1.pdb1
6b3xB1.pdb1	6b3xA1.pdb1
4tr9B1.pdb1	4tr9G1.pdb1
5xhzD1.pdb2	5xhzB1.pdb2
5uwhD1.pdb1	5uwhC1.pdb1
1xh3A1.pdb1	1xh3C1.pdb1
1xhmA1.pdb1	1xhmC1.pdb1
1bgyK1.pdb1	1bgyJ1.pdb1
6bghA1.pdb1	6bghB1.pdb1
5uwrD1.pdb1	5uwrC1.pdb1
3ul0B1.pdb1	3ul0C1.pdb1
5dhmD1.pdb2	5dhmB1.pdb2
5dhfD1.pdb1	5dhfC1.pdb1
5wknB1.pdb1	5wknD1.pdb1
4j4qB1.pdb1	4j4qA1.pdb1
6f0yB1.pdb1	6f0yA1.pdb1
5szcA1.pdb1	5szcH1.pdb1
4fj3A1.pdb1	4fj3P1.pdb1
2lqcA1.pdb1	2lqcB1.pdb1
5l9bB1.pdb2	5l9bD1.pdb2
6me1C1.pdb2	6me1E1.pdb2
4d6tI1.pdb1	4d6tB1.pdb1
6rh6B1.pdb1	6rh6A1.pdb1
4ka2R1.pdb1	4ka2A1.pdb1
5fvlC1.pdb2	5fvlB1.pdb2
1fv1C1.pdb1	1fv1A1.pdb1
5fvkC1.pdb1	5fvkA1.pdb1
4fvlB1.pdb2	4fvlD1.pdb2
2mtpA1.pdb1	2mtpB1.pdb1
6mtpA1.pdb2	6mtpQ1.pdb2
5mtwD1.pdb1	5mtwF1.pdb1
5v1uF1.pdb2	5v1uB1.pdb2
5v1vD1.pdb2	5v1vB1.pdb2
5az8B1.pdb1	5az8A1.pdb1
2c5kT1.pdb1	2c5kP1.pdb1
5v1tA1.pdb1	5v1tB1.pdb1
4xbuA1.pdb1	4xbuB1.pdb1
1jycB2.pdb1	1jycQ2.pdb1
1jyiA1.pdb1	1jyiP1.pdb1
6bnhA1.pdb1	6bnhB1.pdb1
6d0yB1.pdb1	6d0yC1.pdb1
4d07A2.pdb1	4d07B2.pdb1
2n23A1.pdb1	2n23B1.pdb1
5etaD1.pdb1	5etaB1.pdb1
5ax3B1.pdb1	5ax3A1.pdb1
5u5rA1.pdb1	5u5rB1.pdb1
5u5fD1.pdb1	5u5fA1.pdb1
1r5vE1.pdb2	1r5vA1.pdb2
2p6bA1.pdb1	2p6bE1.pdb1
1uvqA1.pdb1	1uvqC1.pdb1
3uvuA1.pdb1	3uvuB1.pdb1
1uvtH1.pdb1	1uvtL1.pdb1
3uvkB1.pdb1	3uvkA1.pdb1
3v49A1.pdb1	3v49B1.pdb1
5dbrC1.pdb1	5dbrA1.pdb1
3qheD1.pdb2	3qheC1.pdb2
2qhrH1.pdb1	2qhrP1.pdb1
4qh8A1.pdb1	4qh8C1.pdb1
5yayB1.pdb1	5yayA1.pdb1
5l9vD1.pdb2	5l9vB1.pdb2
2lasB1.pdb1	2lasA1.pdb1
3zrjX1.pdb1	3zrjA1.pdb1
3zrzD1.pdb2	3zrzB1.pdb2
4zrkF1.pdb2	4zrkB1.pdb2
4gq6B1.pdb1	4gq6A1.pdb1
6gqnC1.pdb1	6gqnB1.pdb1
5gqrC1.pdb1	5gqrB1.pdb1
4cy1C1.pdb2	4cy1B1.pdb2
4cydC1.pdb2	4cydH1.pdb2
3bzyB2.pdb4	3bzyA2.pdb4
2q6gC1.pdb1	2q6gA1.pdb1
1vzjI1.pdb1	1vzjC1.pdb1
3bzvA1.pdb1	3bzvB1.pdb1
6bz3A1.pdb1	6bz3D1.pdb1
2fseB1.pdb1	2fseE1.pdb1
3fshB1.pdb2	3fshC1.pdb2
3p72B1.pdb1	3p72A1.pdb1
4p7iC1.pdb1	4p7iA1.pdb1
2fx9I1.pdb2	2fx9Q1.pdb2
4ioiA1.pdb1	4ioiC1.pdb1
4gw5B1.pdb1	4gw5E1.pdb1
2gwwA5.pdb2	2gwwB5.pdb2
4q96C1.pdb3	4q96E1.pdb3
4d2gB1.pdb1	4d2gE1.pdb1
3ctoE1.pdb4	3ctoC2.pdb4
5cttA1.pdb1	5cttB1.pdb1
2be6F1.pdb3	2be6C1.pdb3
3h1zA1.pdb1	3h1zP1.pdb1
5y18A1.pdb1	5y18B1.pdb1
6g5gB1.pdb1	6g5gP1.pdb1
3nmxC1.pdb3	3nmxF1.pdb3
5vlaA1.pdb1	5vlaZ1.pdb1
2gppA1.pdb1	2gppC1.pdb1
1mxeB1.pdb2	1mxeF1.pdb2
2gphA1.pdb1	2gphB1.pdb1
6gp7B1.pdb1	6gp7D1.pdb1
2ck0H1.pdb1	2ck0P1.pdb1
6j8eA1.pdb1	6j8eD1.pdb1
4j8sB1.pdb1	4j8sA1.pdb1
3wa0H1.pdb2	3wa0B1.pdb2
5e0uE1.pdb2	5e0uB1.pdb2
4axgB1.pdb2	4axgD1.pdb2
5xjl21.pdb1	5xjlM1.pdb1
2xjzK1.pdb5	2xjzC1.pdb5
6eklB1.pdb1	6eklA1.pdb1
6bcdA1.pdb1	6bcdB1.pdb1
7kmeL1.pdb1	7kmeH1.pdb1
2c9tI1.pdb1	2c9tS1.pdb1
3zilB1.pdb1	3zilA1.pdb1
6hm3A1.pdb1	6hm3B1.pdb1
2z5kB1.pdb1	2z5kA1.pdb1
5bs7F1.pdb1	5bs7B1.pdb1
6e3jB1.pdb1	6e3jA1.pdb1
4p3cH2.pdb1	4p3cM2.pdb1
4p3wK1.pdb3	4p3wE1.pdb3
2y0iA1.pdb1	2y0iS1.pdb1
5zfuC1.pdb1	5zfuH1.pdb1
2lp0B1.pdb1	2lp0A1.pdb1
2lp8A1.pdb1	2lp8B1.pdb1
6j0xF1.pdb2	6j0xB1.pdb2
6j0wC1.pdb1	6j0wA1.pdb1
2m8sB1.pdb1	2m8sA1.pdb1
2mfqA1.pdb1	2mfqB1.pdb1
5mf9B1.pdb1	5mf9A1.pdb1
3oe7Y1.pdb3	3oe711.pdb3
5fkpA1.pdb1	5fkpC1.pdb1
6fkqA1.pdb1	6fkqB1.pdb1
6honA1.pdb1	6honB1.pdb1
5hogD1.pdb1	5hogA1.pdb1
6hosC1.pdb2	6hosB1.pdb2
5hoiA1.pdb1	5hoiD1.pdb1
4homA1.pdb1	4homB1.pdb1
2cv3B1.pdb1	2cv3A1.pdb1
3ntwC1.pdb2	3ntwD1.pdb2
3ul1B1.pdb1	3ul1A1.pdb1
4xgrE1.pdb2	4xgrF1.pdb2
4gywB2.pdb4	4gywA2.pdb4
4zutC1.pdb1	4zutA1.pdb1
1zukB1.pdb1	1zukC1.pdb1
1zuzB1.pdb2	1zuzA1.pdb2
4zusA1.pdb1	4zusC1.pdb1
4zuvC1.pdb1	4zuvA1.pdb1
5zutE1.pdb1	5zutA1.pdb1
1qd6C1.pdb1	1qd6A1.pdb1
1s9vE1.pdb2	1s9vF1.pdb2
3b23B1.pdb1	3b23C1.pdb1
6b27H1.pdb2	6b27B1.pdb2
1j19A1.pdb1	1j19B1.pdb1
4j1vC1.pdb2	4j1vH1.pdb2
1t2vA1.pdb1	1t2vF1.pdb1
1t29A1.pdb1	1t29B1.pdb1
4yo0C1.pdb2	4yo0F1.pdb2
4yooA1.pdb1	4yooX1.pdb1
1yowA1.pdb1	1yowB1.pdb1
5j3hE1.pdb1	5j3hB1.pdb1
4jmlE1.pdb1	4jmlA1.pdb1
1jmtB1.pdb1	1jmtA1.pdb1
5x94A1.pdb1	5x94N1.pdb1
3j47U1.pdb1	3j47T1.pdb1
3j47U1.pdb1	3j47Q1.pdb1
3j47U1.pdb1	3j47S1.pdb1
4j4aA1.pdb1	4j4aC1.pdb1
3sp6B1.pdb1	3sp6A1.pdb1
3uatA1.pdb1	3uatB1.pdb1
5e6qB1.pdb1	5e6qA1.pdb1
3f2oC1.pdb1	3f2oA1.pdb1
4f20A1.pdb1	4f20Q1.pdb1
5ezeE1.pdb1	5ezeB1.pdb1
4f27Q1.pdb1	4f27A1.pdb1
4bh6E1.pdb6	4bh6N1.pdb6
3vcmB1.pdb2	3vcmQ1.pdb2
3vclC1.pdb1	3vclA1.pdb1
2ftsP2.pdb1	2ftsA2.pdb1
4ftgB1.pdb1	4ftgC1.pdb1
4ftgB1.pdb1	4ftgE1.pdb1
5xvwF1.pdb2	5xvwE1.pdb2
2xvcB1.pdb1	2xvcA1.pdb1
3calB1.pdb1	3calA1.pdb1
3dcgE1.pdb2	3dcgD1.pdb2
5li1B1.pdb1	5li1A1.pdb1
4dcbA1.pdb1	4dcbF1.pdb1
1n4mC1.pdb1	1n4mA1.pdb1
5n4bD1.pdb1	5n4bA1.pdb1
2n4qA1.pdb1	2n4qB1.pdb1
1ilqC1.pdb1	1ilqA1.pdb1
4zqwB1.pdb1	4zqwA1.pdb1
3zqiB1.pdb1	3zqiC1.pdb1
3zqfA1.pdb1	3zqfC1.pdb1
3zqgA2.pdb1	3zqgC1.pdb1
3zqhA1.pdb1	3zqhC2.pdb1
6s8nF1.pdb1	6s8nC1.pdb1
3r9iF1.pdb1	3r9iA1.pdb1
3ehuD1.pdb2	3ehuB1.pdb2
5hu3A1.pdb1	5hu3B1.pdb1
2qosA1.pdb1	2qosC1.pdb1
5w5cA2.pdb1	5w5cE2.pdb1
1rqqF1.pdb1	1rqqB1.pdb1
5d3fC1.pdb1	5d3fA1.pdb1
6d3oC1.pdb1	6d3oA1.pdb1
3d32D1.pdb1	3d32B1.pdb1
2d3gP1.pdb1	2d3gA1.pdb1
2lloB1.pdb1	2lloA1.pdb1
3ll8E1.pdb1	3ll8A1.pdb1
3gofB1.pdb2	3gofD1.pdb2
1x11A1.pdb2	1x11C1.pdb2
4x1hA1.pdb1	4x1hC1.pdb1
5vklA1.pdb1	5vklB1.pdb1
3zhaK1.pdb4	3zhaM1.pdb4
1yp0B1.pdb1	1yp0A1.pdb1
1yfnE1.pdb1	1yfnA1.pdb1
4yfbI1.pdb2	4yfbH1.pdb2
4q6sB1.pdb2	4q6sD1.pdb2
3q6sB1.pdb2	3q6sE1.pdb2
6q6hR1.pdb1	6q6hS1.pdb1
5tsxN1.pdb2	5tsxC1.pdb2
4z1mJ1.pdb1	4z1mE1.pdb1
6hy2A3.pdb1	6hy2X3.pdb1
1hxlB1.pdb1	1hxlD1.pdb1
1hymA1.pdb1	1hymB1.pdb1
5hyxB1.pdb1	5hyxA1.pdb1
5a29A1.pdb1	5a29B1.pdb1
4rqiD1.pdb2	4rqiH1.pdb2
3h8aC1.pdb2	3h8aF1.pdb2
6fy0H1.pdb1	6fy0P1.pdb1
2fysC1.pdb2	2fysA1.pdb2
5mjyF1.pdb1	5mjyB1.pdb1
6mj8C1.pdb1	6mj8B1.pdb1
4mj5C1.pdb1	4mj5A1.pdb1
5va9A1.pdb1	5va9C1.pdb1
5vapC1.pdb2	5vapB1.pdb2
5vaqC1.pdb1	5vaqA1.pdb1
3qv1G1.pdb1	3qv1D1.pdb1
3wmgB1.pdb1	3wmgA1.pdb1
6dszA1.pdb1	6dszC1.pdb1
1ds5A1.pdb1	1ds5F1.pdb1
1t6oB1.pdb1	1t6oA1.pdb1
5t6jC1.pdb1	5t6jB1.pdb1
3l6xB1.pdb1	3l6xA1.pdb1
3l6fA1.pdb1	3l6fC1.pdb1
2l6eB1.pdb1	2l6eA1.pdb1
5l6nH1.pdb1	5l6nI1.pdb1
1ucyN1.pdb3	1ucyI1.pdb3
2hqhB1.pdb2	2hqhF1.pdb2
6hquF1.pdb6	6hquN1.pdb6
6hquO1.pdb7	6hquG1.pdb7
1hqqG1.pdb1	1hqqC1.pdb1
6hquC1.pdb3	6hquK1.pdb3
5cszH1.pdb1	5cszD1.pdb1
6myeA1.pdb1	6myeB1.pdb1
5mycA2.pdb1	5mycP2.pdb1
2my3B1.pdb1	2my3A1.pdb1
4xstE1.pdb1	4xstF1.pdb1
2dymA1.pdb1	2dymB1.pdb1
2w10A1.pdb1	2w10D1.pdb1
6g85B1.pdb1	6g85D1.pdb1
2g83D1.pdb2	2g83B1.pdb2
3wp1B1.pdb1	3wp1A1.pdb1
3wp0B1.pdb1	3wp0A1.pdb1
4ym4B1.pdb1	4ym4A1.pdb1
4a5xC1.pdb1	4a5xA1.pdb1
1bx2F1.pdb2	1bx2D1.pdb2
1f47B1.pdb1	1f47A1.pdb1
2f49A1.pdb3	2f49C1.pdb3
4rt4E1.pdb1	4rt4A1.pdb1
2yvcC1.pdb3	2yvcF1.pdb3
5yv5A1.pdb1	5yv5B1.pdb1
4fddA1.pdb1	4fddB1.pdb1
4r8tB1.pdb1	4r8tA1.pdb1
2f8eX1.pdb1	2f8eA1.pdb1
5iqoB1.pdb1	5iqoA1.pdb1
1iq5A1.pdb1	1iq5B1.pdb1
4bwqF1.pdb1	4bwqE1.pdb1
6bw9A1.pdb1	6bw9B1.pdb1
3bw9A1.pdb1	3bw9C1.pdb1
2kymB1.pdb1	2kymA1.pdb1
3oglR1.pdb2	3oglD1.pdb2
3o7lB1.pdb1	3o7lI1.pdb1
3ewvA1.pdb1	3ewvE1.pdb1
3ewtA1.pdb1	3ewtE1.pdb1
3ui2A1.pdb1	3ui2B1.pdb1
4ui9U1.pdb1	4ui9O1.pdb1
3hdiD1.pdb1	3hdiB1.pdb1
4fmqB1.pdb1	4fmqA1.pdb1
2fmkB1.pdb1	2fmkA1.pdb1
5fmlA1.pdb1	5fmlB1.pdb1
6ae8D1.pdb2	6ae8B1.pdb2
5aerB1.pdb1	5aerA1.pdb1
5jgeF1.pdb2	5jgeD1.pdb2
3d24D1.pdb1	3d24C1.pdb1
5d2mE1.pdb1	5d2mG1.pdb1
6d2rC1.pdb1	6d2rA1.pdb1
6hepB1.pdb1	6hepE1.pdb1
3rf3A1.pdb1	3rf3C1.pdb1
4pidB1.pdb1	4pidA1.pdb1
4v0xA1.pdb1	4v0xB1.pdb1
3rzxA1.pdb1	3rzxB1.pdb1
3rz9B1.pdb1	3rz9A1.pdb1
4z1rA1.pdb1	4z1rC1.pdb1
5xsqE1.pdb3	5xsqF1.pdb3
2xs0B1.pdb1	2xs0A1.pdb1
2xs1A1.pdb1	2xs1B1.pdb1
6nk1C1.pdb1	6nk1A1.pdb1
5w4gB1.pdb1	5w4gA1.pdb1
4s0rB1.pdb1	4s0rZ1.pdb1
5mavB1.pdb2	5mavK1.pdb2
5et1D1.pdb2	5et1B1.pdb2
4etoP1.pdb1	4etoA1.pdb1
5et0B1.pdb1	5et0A1.pdb1
5xyfA1.pdb1	5xyfB1.pdb1
5xyfA1.pdb1	5xyfC1.pdb1
1ljzB1.pdb1	1ljzA1.pdb1
1lj2C1.pdb1	1lj2A1.pdb1
6ef2I1.pdb1	6ef2s1.pdb1
3mn5S1.pdb1	3mn5A1.pdb1
6ef3n1.pdb1	6ef311.pdb1
5eftE1.pdb1	5eftF1.pdb1
4uqzB1.pdb1	4uqzA1.pdb1
5wa4A1.pdb1	5wa4M1.pdb1
3e1kM1.pdb4	3e1kN1.pdb4
2zneC1.pdb1	2zneA1.pdb1
3echB1.pdb1	3echC1.pdb1
1qlsA1.pdb1	1qlsD1.pdb1
4dxrA1.pdb1	4dxrB3.pdb1
2x04B1.pdb1	2x04D1.pdb1
2xapA1.pdb1	2xapD1.pdb1
5iv2B1.pdb1	5iv2E1.pdb1
2iv8A1.pdb1	2iv8P1.pdb1
5girH1.pdb1	5girC1.pdb1
6qnpH1.pdb1	6qnpA1.pdb1
6qnnA1.pdb1	6qnnB1.pdb1
4jk5B1.pdb1	4jk5A1.pdb1
2vt1A1.pdb1	2vt1B1.pdb1
5vtbB1.pdb1	5vtbA1.pdb1
3c5jC1.pdb1	3c5jB1.pdb1
5c56A1.pdb1	5c56B1.pdb1
4c5iC1.pdb1	4c5iA1.pdb1
3c5tB1.pdb1	3c5tA1.pdb1
5c5eA1.pdb1	5c5eH1.pdb1
4m7cC1.pdb1	4m7cA1.pdb1
6m7yA1.pdb1	6m7yC1.pdb1
5m72B1.pdb1	5m72A1.pdb1
4ghuA2.pdb1	4ghuB2.pdb1
2rkzR1.pdb6	2rkzF1.pdb6
5jqyB1.pdb1	5jqyA1.pdb1
2rkyD1.pdb1	2rkyA1.pdb1
5xadB1.pdb2	5xadD1.pdb2
4xaiA1.pdb1	4xaiP1.pdb1
5de2A1.pdb1	5de2C1.pdb1
6deiB1.pdb1	6deiD1.pdb1
3depB1.pdb1	3depA1.pdb1
2g48B1.pdb2	2g48D1.pdb2
6aklC1.pdb1	6aklB1.pdb1
5zopA1.pdb1	5zopG1.pdb1
4zoxB1.pdb1	4zoxA1.pdb1
5zooG1.pdb1	5zooA1.pdb1
1qx7D1.pdb3	1qx7M1.pdb3
6ocpP1.pdb1	6ocpC1.pdb1
5kc1J1.pdb3	5kc1K1.pdb3
1kcrL1.pdb1	1kcrP1.pdb1
4erzD1.pdb3	4erzC1.pdb3
4eryA1.pdb1	4eryD1.pdb1
2cnzA1.pdb1	2cnzB1.pdb1
6hkpA1.pdb1	6hkpS1.pdb1
3oee11.pdb3	3oeeZ1.pdb3
6e4zP1.pdb1	6e4zH1.pdb1
1kluA1.pdb1	1kluC1.pdb1
6mv5P1.pdb1	6mv5H1.pdb1
6e49D1.pdb1	6e49B1.pdb1
4oniC1.pdb1	4oniA1.pdb1
1t7mB1.pdb1	1t7mA1.pdb1
3t7gC1.pdb1	3t7gA1.pdb1
5hi5I1.pdb1	5hi5A1.pdb1
2oq1A1.pdb1	2oq1B1.pdb1
3tvtB1.pdb1	3tvtA1.pdb1
5cqxC1.pdb1	5cqxA1.pdb1
2xqnT1.pdb1	2xqnA1.pdb1
3x23A1.pdb1	3x23B1.pdb1
3h0aD1.pdb1	3h0aE1.pdb1
3vfsC1.pdb1	3vfsA1.pdb1
3vfuC1.pdb1	3vfuA1.pdb1
1vf5G1.pdb1	1vf5C1.pdb1
3vfvC1.pdb1	3vfvA1.pdb1
3tdiD1.pdb1	3tdiA1.pdb1
1zvzA1.pdb1	1zvzB1.pdb1
2zvkC1.pdb1	2zvkW1.pdb1
2zvmA1.pdb1	2zvmU1.pdb1
1t5wD1.pdb2	1t5wF1.pdb2
3n00B1.pdb2	3n00A1.pdb2
2n0yB1.pdb1	2n0yA1.pdb1
4n0yH1.pdb1	4n0yA1.pdb1
1n0xL1.pdb1	1n0xP1.pdb1
2n01B1.pdb1	2n01A1.pdb1
2fluX1.pdb1	2fluP1.pdb1
4piqA1.pdb1	4piqB1.pdb1
3wxaC1.pdb1	3wxaA1.pdb1
5wwuA1.pdb1	5wwuE1.pdb1
4odmD1.pdb4	4odmK1.pdb4
5odsH1.pdb4	5odsD1.pdb4
2od8A2.pdb1	2od8B2.pdb1
1q1sC1.pdb1	1q1sB1.pdb1
5fc8C1.pdb1	5fc8E1.pdb1
1ou8C2.pdb1	1ou8A2.pdb1
4nawP1.pdb4	4nawM1.pdb4
5uwiC1.pdb1	5uwiD1.pdb1
3na1D1.pdb2	3na1B1.pdb2
2xumA1.pdb2	2xumS1.pdb2
5xupC1.pdb1	5xupA1.pdb1
2xu7A1.pdb1	2xu7D1.pdb1
3r85G1.pdb3	3r85C1.pdb3
5v90D1.pdb1	5v90C1.pdb1
3wutG1.pdb3	3wutI1.pdb3
4ht6E1.pdb4	4ht6F1.pdb4
5fztB1.pdb1	5fztA1.pdb1
4preA1.pdb1	4preC1.pdb1
3wimA1.pdb1	3wimB1.pdb1
3fdoB1.pdb3	3fdoA1.pdb3
5nkpC1.pdb2	5nkpB1.pdb2
3nk4C1.pdb1	3nk4A1.pdb1
5iy4D1.pdb1	5iy4C1.pdb1
5iyvB1.pdb1	5iyvA1.pdb1
6s3fB1.pdb1	6s3fA1.pdb1
3ik5A1.pdb2	3ik5B1.pdb2
4u39D1.pdb4	4u39M1.pdb4
1ydiB1.pdb1	1ydiA1.pdb1
5yd8X1.pdb2	5yd8U1.pdb2
6o3wB1.pdb2	6o3wD1.pdb2
4o3uA1.pdb1	4o3uP1.pdb1
5o3vB1.pdb1	5o3vD1.pdb1
4o36B1.pdb1	4o36A1.pdb1
5o3uO1.pdb1	5o3uD1.pdb1
5y7wA1.pdb1	5y7wC1.pdb1
2w9rA1.pdb1	2w9rB1.pdb1
5ei3B1.pdb1	5ei3A1.pdb1
2ns8B1.pdb1	2ns8H1.pdb1
3qiwB3.pdb1	3qiwE3.pdb1
3qisA1.pdb1	3qisB1.pdb1
2qiyC1.pdb1	2qiyA1.pdb1
4uu5B1.pdb1	4uu5A1.pdb1
4z88G1.pdb7	4z88S1.pdb7
4z8aB1.pdb1	4z8aA1.pdb1
4bxrC1.pdb1	4bxrA1.pdb1
5ldeB1.pdb1	5ldeR1.pdb1
4oh4B1.pdb2	4oh4F1.pdb2
5wrdD1.pdb6	5wrdB1.pdb6
5ddhC1.pdb1	5ddhA1.pdb1
1rpqA1.pdb1	1rpqW1.pdb1
2rpqB1.pdb1	2rpqA1.pdb1
4j2cB1.pdb1	4j2cA1.pdb1
5yy9C1.pdb1	5yy9A1.pdb1
1yypA2.pdb1	1yypB2.pdb1
5gg4E1.pdb1	5gg4A1.pdb1
3ggzH1.pdb4	3ggzD1.pdb4
3ggwC1.pdb2	3ggwF1.pdb2
2nnaC1.pdb1	2nnaB1.pdb1
2obhB1.pdb1	2obhD1.pdb1
2a7uA1.pdb1	2a7uB1.pdb1
1ejoP1.pdb1	1ejoL1.pdb1
5o4yE1.pdb1	5o4yA1.pdb1
1fllY1.pdb3	1fllB1.pdb3
3o6lH1.pdb1	3o6lC1.pdb1
2o60A1.pdb1	2o60B1.pdb1
3lcnA1.pdb4	3lcnC1.pdb4
5lcwO1.pdb1	5lcwD1.pdb1
2lctB1.pdb1	2lctA1.pdb1
4lcdB1.pdb2	4lcdD1.pdb2
4xzrA1.pdb1	4xzrB1.pdb1
2xzeQ1.pdb2	2xzeA1.pdb2
5xzxA1.pdb1	5xzxB1.pdb1
3auwD1.pdb2	3auwC1.pdb2
5aumC1.pdb1	5aumH1.pdb1
4auvF2.pdb4	4auvG2.pdb4
1ozbA1.pdb1	1ozbI1.pdb1
5dd0P1.pdb1	5dd0H1.pdb1
3dd7D1.pdb2	3dd7C1.pdb2
2hpzA1.pdb1	2hpzB1.pdb1
4hpoH1.pdb1	4hpoP1.pdb1
5frpA1.pdb1	5frpC1.pdb1
3bimB1.pdb3	3bimI1.pdb3
6binB1.pdb1	6binC1.pdb1
6bilC1.pdb1	6bilB1.pdb1
6bixB1.pdb1	6bixC1.pdb1
6bizC1.pdb1	6bizB1.pdb1
6biyC1.pdb1	6biyB1.pdb1
2bi6H1.pdb1	2bi6L1.pdb1
6birA1.pdb1	6birC1.pdb1
6n9tF1.pdb2	6n9tB1.pdb2
3n95C1.pdb2	3n95E1.pdb2
3n93C1.pdb2	3n93B1.pdb2
2n9xB1.pdb1	2n9xA1.pdb1
3n96F1.pdb1	3n96D1.pdb1
2n9eA1.pdb1	2n9eB1.pdb1
5h43A1.pdb1	5h43C1.pdb1
2h4mC1.pdb1	2h4mA1.pdb1
6h41A1.pdb1	6h41B1.pdb1
5hb0C1.pdb3	5hb0G1.pdb3
5hb3D1.pdb2	5hb3C1.pdb2
6hbyA1.pdb1	6hbyC1.pdb1
2mpsA1.pdb1	2mpsB1.pdb1
5yb3E1.pdb1	5yb3G1.pdb1
2yb8A1.pdb1	2yb8B1.pdb1
2ybfA1.pdb1	2ybfB1.pdb1
5ujtD1.pdb2	5ujtF1.pdb2
2f31A1.pdb1	2f31B1.pdb1
3iecG1.pdb3	3iecC1.pdb3
5b6cB1.pdb1	5b6cA1.pdb1
3u23B1.pdb1	3u23A1.pdb1
4po6B1.pdb1	4po6A1.pdb1
4reyA1.pdb1	4reyB1.pdb1
1d5dB1.pdb1	1d5dA1.pdb1
3c4mC1.pdb1	3c4mA1.pdb1
2cciB1.pdb1	2cciF1.pdb1
6mm5C1.pdb1	6mm5E1.pdb1
4cc3C1.pdb2	4cc3D1.pdb2
4cc9B1.pdb1	4cc9C1.pdb1
4ccmB2.pdb1	4ccmD2.pdb1
4y3oB1.pdb1	4y3oD1.pdb1
2makA1.pdb1	2makD1.pdb1
2kxcB1.pdb1	2kxcA1.pdb1
2kxqB1.pdb1	2kxqA1.pdb1
5yt0A1.pdb1	5yt0B1.pdb1
2r02B1.pdb1	2r02A1.pdb1
2r05A1.pdb1	2r05B1.pdb1
2g47C1.pdb1	2g47A1.pdb1
2g48A1.pdb1	2g48C1.pdb1
5wtbD1.pdb1	5wtbH1.pdb1
3h3pS1.pdb1	3h3pH1.pdb1
5h3jB1.pdb1	5h3jA1.pdb1
1jkyB1.pdb1	1jkyA1.pdb1
1oebC1.pdb2	1oebB1.pdb2
3h3gA1.pdb1	3h3gB1.pdb1
6gvkA1.pdb1	6gvkB1.pdb1
6n7jH1.pdb2	6n7jC1.pdb2
2o02A1.pdb1	2o02P1.pdb1
5n74F1.pdb3	5n74M1.pdb3
5n7xP1.pdb3	5n7xO1.pdb3
3vhsB1.pdb1	3vhsA1.pdb1
5fw5B1.pdb1	5fw5C2.pdb1
4is6A1.pdb1	4is6C1.pdb1
4a62D1.pdb2	4a62B1.pdb2
3pvlB1.pdb1	3pvlA1.pdb1
4pvzB1.pdb2	4pvzD1.pdb2
2pv2B1.pdb1	2pv2E1.pdb1
2mwoA1.pdb1	2mwoB1.pdb1
6c0yI1.pdb1	6c0yE1.pdb1
3c0tA1.pdb1	3c0tB1.pdb1
4dj9B1.pdb1	4dj9A1.pdb1
4djsB1.pdb1	4djsA1.pdb1
2ao6B1.pdb1	2ao6A1.pdb1
3aa0C1.pdb1	3aa0B1.pdb1
3aa1C1.pdb1	3aa1B1.pdb1
6aafB1.pdb1	6aafA1.pdb1
3aa6B1.pdb1	3aa6C1.pdb1
5wn9H1.pdb1	5wn9A1.pdb1
3wn7M1.pdb2	3wn7L1.pdb2
2ap2Q1.pdb2	2ap2C1.pdb2
2m55A1.pdb1	2m55B1.pdb1
2mv7B1.pdb1	2mv7A1.pdb1
1o9kC1.pdb2	1o9kQ1.pdb2
1o9aA1.pdb1	1o9aB1.pdb1
2o9qC1.pdb1	2o9qA1.pdb1
2xc8C1.pdb1	2xc8B1.pdb1
4xc2A1.pdb1	4xc2E1.pdb1
5xcoB1.pdb1	5xcoA1.pdb1
3k48B1.pdb1	3k48T1.pdb1
6f8gD1.pdb2	6f8gG1.pdb2
4ajyV1.pdb1	4ajyH1.pdb1
2nd1B1.pdb1	2nd1A1.pdb1
2nd0B1.pdb1	2nd0A1.pdb1
5jtmB1.pdb1	5jtmF1.pdb1
1or8A1.pdb1	1or8B1.pdb1
2or9P1.pdb1	2or9H1.pdb1
3kujA1.pdb1	3kujB1.pdb1
2rqgA1.pdb1	2rqgB1.pdb1
2rquB1.pdb1	2rquA1.pdb1
4rqiF1.pdb1	4rqiB1.pdb1
5eayH1.pdb1	5eayA1.pdb1
2l8jA1.pdb1	2l8jB1.pdb1
5wzzE1.pdb3	5wzzC1.pdb3
5dmgH1.pdb1	5dmgP1.pdb1
4rwgA1.pdb1	4rwgD1.pdb1
3rwdD1.pdb2	3rwdF1.pdb2
5ip7B1.pdb1	5ip7Q1.pdb1
3bu3A1.pdb1	3bu3B1.pdb1
3buaG1.pdb4	3buaC1.pdb4
5buoB1.pdb1	5buoA1.pdb1
4bu0C1.pdb1	4bu0A1.pdb1
4bu1C1.pdb2	4bu1A1.pdb2
6o20F1.pdb1	6o20E1.pdb1
6pxuD1.pdb2	6pxuB1.pdb2
4ib5B1.pdb2	4ib5E1.pdb2
2ibfA1.pdb1	2ibfB1.pdb1
2yleA1.pdb1	2yleB1.pdb1
4gmnA1.pdb1	4gmnB1.pdb1
2becB1.pdb1	2becA1.pdb1
5mhcP1.pdb1	5mhcA1.pdb1
4cu4B1.pdb1	4cu4A1.pdb1
1fiwL1.pdb1	1fiwA1.pdb1
3ktrA1.pdb1	3ktrB1.pdb1
1r17B1.pdb2	1r17D1.pdb2
4jqiV1.pdb1	4jqiA1.pdb1
4jqxA1.pdb1	4jqxB1.pdb1
5zjzB1.pdb1	5zjzA1.pdb1
1hr8B2.pdb5	1hr8O2.pdb5
4lkxR1.pdb1	4lkxA1.pdb1
5zk5B1.pdb1	5zk5A1.pdb1
6cxgA1.pdb1	6cxgH1.pdb1
4riqF1.pdb1	4riqD1.pdb1
4irvH1.pdb4	4irvD1.pdb4
3e8uH1.pdb2	3e8uP1.pdb2
4l3oA1.pdb1	4l3oE1.pdb1
3l3xB1.pdb1	3l3xA1.pdb1
5yi7A1.pdb1	5yi7B1.pdb1
5yipB1.pdb1	5yipA1.pdb1
5yirB1.pdb3	5yirH1.pdb3
6atfD1.pdb2	6atfF1.pdb2
6atvM1.pdb1	6atvA1.pdb1
6at5A1.pdb1	6at5C1.pdb1
5hkpD1.pdb1	5hkpB1.pdb1
5hkzB1.pdb1	5hkzA1.pdb1
4z9vB1.pdb1	4z9vD1.pdb1
1egpA1.pdb1	1egpB1.pdb1
6jjyA1.pdb1	6jjyU1.pdb1
6gbeB1.pdb1	6gbeA1.pdb1
5ksaA1.pdb1	5ksaJ1.pdb1
3kndB1.pdb1	3kndA1.pdb1
2kwfB1.pdb1	2kwfA1.pdb1
2qbxD1.pdb3	2qbxB1.pdb3
1avfQ1.pdb2	1avfJ1.pdb2
6ro1B1.pdb1	6ro1A1.pdb1
3ro2B1.pdb1	3ro2A1.pdb1
3ro3A1.pdb1	3ro3B1.pdb1
2q0nB1.pdb1	2q0nA1.pdb1
5zz9A1.pdb1	5zz9E1.pdb1
3so6A1.pdb1	3so6Q1.pdb1
1nx1D1.pdb1	1nx1B1.pdb1
5nxqE1.pdb1	5nxqB1.pdb1
2y6sH1.pdb2	2y6sQ1.pdb2
2y65B1.pdb2	2y65X1.pdb2
5f0pB1.pdb1	5f0pD1.pdb1
6f0hD3.pdb1	6f0hC3.pdb1
6f0wS1.pdb1	6f0wA1.pdb1
1m46A1.pdb1	1m46B1.pdb1
2m41B1.pdb1	2m41A1.pdb1
1m45A1.pdb1	1m45B1.pdb1
5i22A1.pdb1	5i22B1.pdb1
1cjfB1.pdb1	1cjfD1.pdb1
6i2gB1.pdb1	6i2gA1.pdb1
3u86B1.pdb1	3u86A1.pdb1
2sebE1.pdb1	2sebB1.pdb1
4igaA1.pdb1	4igaB1.pdb1
4ig9B1.pdb1	4ig9A1.pdb1
5ig9C1.pdb2	5ig9K1.pdb2
4ig9E1.pdb3	4ig9F1.pdb3
4iimC1.pdb2	4iimA1.pdb2
4iioC1.pdb1	4iioB1.pdb1
1iwqA2.pdb2	1iwqB2.pdb2
6rr0L1.pdb3	6rr0C1.pdb3
6rrcA1.pdb2	6rrcD1.pdb2
3oe0I1.pdb1	3oe0A1.pdb1
3v3bD1.pdb1	3v3bA1.pdb1
3v30A1.pdb1	3v30B1.pdb1
3v31A1.pdb1	3v31B1.pdb1
5wa1B1.pdb1	5wa1A1.pdb1
2an6C1.pdb2	2an6G1.pdb2
5anrC2.pdb2	5anrB2.pdb2
5an5J1.pdb2	5an5D1.pdb2
3ukwB1.pdb1	3ukwC1.pdb1
3ukyB1.pdb1	3ukyC1.pdb1
2ht9X1.pdb1	2ht9A1.pdb1
4ikaD1.pdb1	4ikaA1.pdb1
1t08C1.pdb1	1t08A1.pdb1
1t01B1.pdb1	1t01A1.pdb1
5t0qB1.pdb1	5t0qA1.pdb1
5t0hY1.pdb1	5t0he1.pdb1
5f6lJ1.pdb1	5f6lA1.pdb1
3qrxB2.pdb2	3qrxA2.pdb2
1dkdE1.pdb1	1dkdA1.pdb1
5dk2D1.pdb2	5dk2E1.pdb2
5f74A1.pdb1	5f74B1.pdb1
6f7tA1.pdb1	6f7tD1.pdb1
2msrB1.pdb1	2msrA1.pdb1
1xwjA1.pdb1	1xwjB1.pdb1
5vlhY1.pdb1	5vlhA1.pdb1
5vlpA1.pdb1	5vlpZ1.pdb1
3tj6A1.pdb1	3tj6B1.pdb1
6feyB1.pdb1	6feyH1.pdb1
6feyB1.pdb1	6feyG1.pdb1
2fotC1.pdb1	2fotA1.pdb1
5fosC1.pdb1	5fosA1.pdb1
3dveB1.pdb1	3dveA1.pdb1
2gsiY1.pdb3	2gsiF1.pdb3
4bl0C1.pdb2	4bl0A1.pdb2
6am0B1.pdb1	6am0C1.pdb1
5jelA2.pdb2	5jelB2.pdb2
5jekB1.pdb2	5jekD1.pdb2
1tetP1.pdb1	1tetH1.pdb1
1thrI1.pdb1	1thrH1.pdb1
3btrC1.pdb1	3btrB1.pdb1
1l0aB1.pdb1	1l0aA1.pdb1
2kzuB1.pdb1	2kzuA1.pdb1
2dohX1.pdb1	2dohC1.pdb1
5dowD1.pdb2	5dowC1.pdb2
5jnbH1.pdb1	5jnbD1.pdb1
5mx2k1.pdb2	5mx2y1.pdb2
5yqgD1.pdb1	5yqgF1.pdb1
5gtbA1.pdb1	5gtbB1.pdb1
5gtuA1.pdb1	5gtuB1.pdb1
5y21A1.pdb1	5y21C1.pdb1
4qaeR1.pdb3	4qaeC1.pdb3
3i7kA1.pdb1	3i7kB1.pdb1
4yk6A1.pdb1	4yk6B1.pdb1
4i7dB1.pdb1	4i7dA1.pdb1
3i7lA1.pdb1	3i7lB1.pdb1
3i7nA1.pdb1	3i7nB1.pdb1
4i7cC1.pdb2	4i7cD1.pdb2
4s1zJ1.pdb3	4s1zC1.pdb3
6j2gA1.pdb1	6j2gC1.pdb1
4j24C1.pdb3	4j24K1.pdb3
4j26A1.pdb1	4j26I1.pdb1
1j2xA1.pdb1	1j2xB1.pdb1
1b8hD1.pdb1	1b8hB1.pdb1
1rxzA3.pdb1	1rxzB3.pdb1
4xekC1.pdb1	4xekA1.pdb1
4xefD1.pdb2	4xefE1.pdb2
6g07B1.pdb2	6g07Q1.pdb2
1g0yI1.pdb1	1g0yR1.pdb1
6g0yH1.pdb1	6g0yF1.pdb1
5c6hI1.pdb6	5c6hJ1.pdb6
5c6dC1.pdb1	5c6dA1.pdb1
3c66A1.pdb1	3c66C1.pdb1
5gnvA1.pdb1	5gnvB1.pdb1
3kjlG1.pdb3	3kjlC1.pdb3
1a81G1.pdb1	1a81H1.pdb1
5csiC1.pdb1	5csiB1.pdb1
5csjB1.pdb1	5csjC1.pdb1
2z34D1.pdb1	2z34B1.pdb1
3ve6B1.pdb1	3ve6A1.pdb1
5ve8E1.pdb2	5ve8B1.pdb2
2drmE1.pdb1	2drmA1.pdb1
6drtB1.pdb1	6drtE1.pdb1
5k9sA1.pdb1	5k9sB1.pdb1
3sgeM1.pdb2	3sgeJ1.pdb2
3w6kA1.pdb1	3w6kC1.pdb1
4ezpB1.pdb3	4ezpD1.pdb3
4ezuB4.pdb1	4ezuA4.pdb1
5ez0H1.pdb4	5ez0D1.pdb4
4ztdA1.pdb1	4ztdE1.pdb1
5ajoB1.pdb1	5ajoA1.pdb1
5onbE1.pdb3	5onbF1.pdb3
5onsA1.pdb1	5onsB1.pdb1
3phdA1.pdb1	3phdE1.pdb1
1vyjE1.pdb1	1vyjF1.pdb1
4ue1A1.pdb3	4ue1F1.pdb3
3pthB1.pdb1	3pthA1.pdb1
2pavV1.pdb1	2pavP1.pdb1
3o0eA1.pdb1	3o0eL1.pdb1
6o09H3.pdb1	6o09J3.pdb1
2kplB1.pdb1	2kplA1.pdb1
1g6gF1.pdb1	1g6gB1.pdb1
6g69H1.pdb2	6g69N1.pdb2
4g5qH1.pdb4	4g5qD1.pdb4
2g54C1.pdb1	2g54A1.pdb1
3g5yB1.pdb1	3g5yE1.pdb1
2zp9N1.pdb1	2zp9O1.pdb1
5wjcB1.pdb1	5wjcA1.pdb1
4wj7X1.pdb2	4wj7B1.pdb2
4wjvC1.pdb3	4wjvI1.pdb3
4wjoB1.pdb1	4wjoA1.pdb1
4wjqC1.pdb2	4wjqD1.pdb2
4wjwB1.pdb1	4wjwP1.pdb1
2ygvF1.pdb2	2ygvB1.pdb2
2ygvC1.pdb3	2ygvG1.pdb3
6q5lA1.pdb1	6q5lB1.pdb1
6h8cA1.pdb1	6h8cB1.pdb1
6q36D1.pdb1	6q36B1.pdb1
4tvqC1.pdb2	4tvqE1.pdb2
1r2bB1.pdb1	1r2bC1.pdb1
4dayA1.pdb1	4dayC1.pdb1
4mdjC1.pdb1	4mdjB1.pdb1
5mcqA1.pdb1	5mcqD1.pdb1
2mc1A1.pdb1	2mc1B1.pdb1
2mptB1.pdb1	2mptA1.pdb1
6mpzN1.pdb2	6mpzB1.pdb2
2mp2A1.pdb1	2mp2C1.pdb1
4jolH1.pdb2	4jolD1.pdb2
4jo6B1.pdb1	4jo6Z1.pdb1
4jo8B2.pdb1	4jo8A2.pdb1
6jjxB1.pdb2	6jjxD1.pdb2
6jjwA1.pdb1	6jjwU1.pdb1
3suiA1.pdb1	3suiB1.pdb1
1zw3A1.pdb1	1zw3B1.pdb1
1zw2B1.pdb1	1zw2A1.pdb1
5wbuQ1.pdb2	5wbuA1.pdb2
3wbnA1.pdb1	3wbnB1.pdb1
5wbhD1.pdb4	5wbhW1.pdb4
5tuvE1.pdb2	5tuvF1.pdb2
1sshA1.pdb1	1sshB1.pdb1
5xodA1.pdb1	5xodB1.pdb1
5ypzA1.pdb1	5ypzE1.pdb1
4z68E1.pdb1	4z68A1.pdb1
5ypuB1.pdb1	5ypuA1.pdb1
5yprA1.pdb1	5yprB1.pdb1
6hc8A1.pdb1	6hc8E1.pdb1
1hc9B1.pdb2	1hc9D1.pdb2
6e2pC1.pdb1	6e2pA1.pdb1
3zedD1.pdb3	3zedA1.pdb3
5txeA1.pdb1	5txeC1.pdb1
4txrA1.pdb1	4txrB1.pdb1
1utiD1.pdb1	1utiA1.pdb1
4utqZ1.pdb1	4utqA1.pdb1
4p2qC1.pdb1	4p2qA1.pdb1
4p2rB1.pdb1	4p2rC1.pdb1
4p2oA1.pdb1	4p2oP1.pdb1
5nhuH1.pdb1	5nhuI1.pdb1
4u6gP1.pdb1	4u6gH1.pdb1
1u6hB1.pdb1	1u6hA1.pdb1
4u6yA1.pdb1	4u6yP1.pdb1
5u66A1.pdb1	5u66B1.pdb1
5crvA1.pdb1	5crvC1.pdb1
4cr2R1.pdb1	4cr2Y1.pdb1
3um2D2.pdb1	3um2E2.pdb1
3ulrB1.pdb1	3ulrC1.pdb1
3tweB2.pdb1	3tweA2.pdb1
3twxC1.pdb1	3twxA1.pdb1
4twtB1.pdb1	4twtE1.pdb1
3twrF1.pdb2	3twrB1.pdb2
5twaB1.pdb2	5twaC1.pdb2
3twvC1.pdb3	3twvG1.pdb3
3twsA1.pdb1	3twsE1.pdb1
3twuB1.pdb1	3twuA1.pdb1
1ebaB2.pdb2	1ebaD2.pdb2
2fffA1.pdb1	2fffB1.pdb1
2ff6H1.pdb1	2ff6A1.pdb1
1pjmA1.pdb1	1pjmB1.pdb1
1pjnB1.pdb1	1pjnA1.pdb1
2q5dB1.pdb2	2q5dD1.pdb2
1zgyB1.pdb1	1zgyA1.pdb1
2jf1T1.pdb1	2jf1A1.pdb1
2jf9A2.pdb1	2jf9P2.pdb1
1dziC1.pdb1	1dziA1.pdb1
3dppC1.pdb2	3dppB1.pdb2
5h9dK1.pdb1	5h9dA1.pdb1
6h9jA1.pdb1	6h9jD1.pdb1
6h9nA1.pdb1	6h9nB1.pdb1
6mheA1.pdb1	6mheC1.pdb1
2wssO1.pdb2	2wssZ1.pdb2
4wsiX1.pdb1	4wsiA1.pdb1
3wsyC1.pdb1	3wsyA1.pdb1
3wsrD1.pdb2	3wsrB1.pdb2
4wsfA1.pdb1	4wsfB1.pdb1
4yl6A1.pdb1	4yl6B1.pdb1
4ehqG1.pdb1	4ehqA1.pdb1
3pknA1.pdb2	3pknB1.pdb2
4wciE1.pdb3	4wciF1.pdb3
2znlB1.pdb1	2znlA1.pdb1
6qmsA1.pdb1	6qmsB1.pdb1
4qmgB1.pdb2	4qmgG1.pdb2
4qmfC1.pdb1	4qmfD1.pdb1
5jhqC1.pdb3	5jhqI1.pdb3
4jhjB1.pdb2	4jhjD1.pdb2
6qc0D1.pdb1	6qc0C1.pdb1
2lspB1.pdb1	2lspA1.pdb1
2lsiB1.pdb1	2lsiA1.pdb1
2lsrB1.pdb1	2lsrA1.pdb1
5lsjA1.pdb1	5lsjP1.pdb1
5lswB1.pdb1	5lswA1.pdb1
3tmhE1.pdb1	3tmhH1.pdb1
5haxA1.pdb1	5haxB1.pdb1
1hajA1.pdb1	1hajB1.pdb1
1zmpD4.pdb6	1zmpB4.pdb6
5wggB1.pdb1	5wggA1.pdb1
5wgdE1.pdb1	5wgdA1.pdb1
6mhfC1.pdb1	6mhfA1.pdb1
6grhA1.pdb1	6grh11.pdb1
5gowA1.pdb1	5gowB1.pdb1
6f1uF1.pdb1	6f1ud1.pdb1
4f14A1.pdb1	4f14B1.pdb1
5f1nD1.pdb2	5f1nF1.pdb2
6idxA1.pdb1	6idxC1.pdb1
1e91A1.pdb1	1e91B1.pdb1
4jifB2.pdb2	4jifA2.pdb2
3qksA1.pdb1	3qksC1.pdb1
2qkiH1.pdb2	2qkiD1.pdb2
5m9eF1.pdb2	5m9eC1.pdb2
5m9dB1.pdb1	5m9dA1.pdb1
4k0uB1.pdb2	4k0uA1.pdb2
2nczA1.pdb1	2nczB1.pdb1
5uwpC1.pdb1	5uwpD1.pdb1
4uwxD1.pdb2	4uwxB1.pdb2
5uwsD1.pdb1	5uwsC1.pdb1
1uwxM1.pdb2	1uwxQ1.pdb2
5uwwD1.pdb1	5uwwC1.pdb1
5uwtD1.pdb1	5uwtC1.pdb1
2i32E1.pdb1	2i32A1.pdb1
3kf9B1.pdb1	3kf9A1.pdb1
2l0yA1.pdb1	2l0yB1.pdb1
3tiwB1.pdb2	3tiwD1.pdb2
1cmiC2.pdb4	1cmiA2.pdb4
1cmxD1.pdb1	1cmxC1.pdb1
2cmyB1.pdb1	2cmyA1.pdb1
6a5qA1.pdb1	6a5qF1.pdb1
5a53B1.pdb1	5a53C1.pdb1
6a5eE1.pdb1	6a5eC1.pdb1
2b9jC1.pdb1	2b9jA1.pdb1
6b9hA1.pdb1	6b9hB1.pdb1
6b9mD1.pdb1	6b9mA1.pdb1
2b9iA1.pdb1	2b9iC1.pdb1
2b9hA1.pdb1	2b9hC1.pdb1
2kbmB1.pdb1	2kbmY1.pdb1
6fbxA1.pdb1	6fbxB1.pdb1
6fbkA1.pdb1	6fbkP1.pdb1
5fbyB1.pdb1	5fbyA1.pdb1
4lkuA1.pdb1	4lkuE1.pdb1
1ov3B1.pdb1	1ov3C1.pdb1
3srjA1.pdb1	3srjC1.pdb1
5h2xA1.pdb1	5h2xB1.pdb1
4h25A1.pdb1	4h25C1.pdb1
4h2tA1.pdb1	4h2tC1.pdb1
5h2cA1.pdb1	5h2cB2.pdb1
3iaxB1.pdb1	3iaxA1.pdb1
6iamB1.pdb1	6iamA1.pdb1
2df6A1.pdb1	2df6C1.pdb1
5df6A1.pdb1	5df6C1.pdb1
5f5vC1.pdb1	5f5vA1.pdb1
6f55A1.pdb1	6f55B1.pdb1
3f58P1.pdb1	3f58H1.pdb1
5f67B1.pdb2	5f67D1.pdb2
4xtrB1.pdb1	4xtrG1.pdb1
5xtbQ1.pdb1	5xtbW1.pdb1
1fptH1.pdb1	1fptP1.pdb1
3fp7I1.pdb1	3fp7J1.pdb1
2xppB1.pdb1	2xppA1.pdb1
2xpiD1.pdb1	2xpiE1.pdb1
6qtrA1.pdb1	6qtrB1.pdb1
6epeR1.pdb1	6epeY1.pdb1
5eppB1.pdb1	5eppA1.pdb1
3eu7A1.pdb1	3eu7X1.pdb1
2pldA1.pdb1	2pldB1.pdb1
5waiF1.pdb2	5waiH1.pdb2
6fq4A1.pdb1	6fq4B1.pdb1
3pbpL1.pdb4	3pbpJ1.pdb4
3zinA1.pdb1	3zinB1.pdb1
3zirA1.pdb1	3zirB1.pdb1
2a40C1.pdb3	2a40A1.pdb3
6gzlB1.pdb1	6gzlA1.pdb1
1s6cB2.pdb1	1s6cA2.pdb1
4cg6A1.pdb1	4cg6D1.pdb1
2h1pH1.pdb1	2h1pP1.pdb1
1h15F1.pdb2	1h15E1.pdb2
2h1cB1.pdb2	2h1cA1.pdb2
5mk0A1.pdb1	5mk0B1.pdb1
1mk7A1.pdb1	1mk7D1.pdb1
3c3qA1.pdb1	3c3qB1.pdb1
3c3oB1.pdb1	3c3oA1.pdb1
3mk4B1.pdb1	3mk4A1.pdb1
2mkpI1.pdb1	2mkpC1.pdb1
2mkrA1.pdb1	2mkrB1.pdb1
2rfeB1.pdb2	2rfeF1.pdb2
1rf3A2.pdb1	1rf3B2.pdb1
3svmP2.pdb2	3svmA2.pdb2
5h5sA1.pdb1	5h5sB1.pdb1
5h5qB1.pdb1	5h5qA1.pdb1
5h5rA1.pdb1	5h5rB1.pdb1
2m14B1.pdb1	2m14A1.pdb1
3m1fV1.pdb1	3m1fA1.pdb1
4m1lA1.pdb1	4m1lB1.pdb1
4m1zB1.pdb2	4m1zD1.pdb2
3jzrA1.pdb1	3jzrP1.pdb1
2jz3A1.pdb1	2jz3C1.pdb1
3ln5A1.pdb1	3ln5C1.pdb1
4bj6E1.pdb2	4bj6F1.pdb2
2bj4B1.pdb1	2bj4D1.pdb1
1dvaI1.pdb2	1dvaY1.pdb2
4ktuB1.pdb1	4ktuA1.pdb1
4hgcI1.pdb1	4hgcA1.pdb1
5wqdH1.pdb1	5wqdA1.pdb1
6mdpH1.pdb1	6mdpE1.pdb1
4md4C1.pdb1	4md4A1.pdb1
3p87C1.pdb3	3p87I1.pdb3
3synB1.pdb5	3synF1.pdb5
2y36P1.pdb1	2y36H1.pdb1
4nuuA1.pdb1	4nuuC1.pdb1
6nufC1.pdb1	6nufA1.pdb1
2nudA1.pdb1	2nudC1.pdb1
3owtA1.pdb1	3owtC1.pdb1
6n5wB1.pdb1	6n5wC1.pdb1
4n5tB1.pdb1	4n5tA1.pdb1
5gr8A1.pdb1	5gr8J1.pdb1
2pqnB1.pdb1	2pqnA1.pdb1
6d1uB1.pdb2	6d1uE1.pdb2
2d11E1.pdb1	2d11A1.pdb1
5m61G1.pdb1	5m61A1.pdb1
4m6bA1.pdb1	4m6bC1.pdb1
1vppX1.pdb1	1vppV1.pdb1
5h7gD1.pdb1	5h7gB1.pdb1
5h7yA1.pdb1	5h7yB1.pdb1
6mbeB1.pdb1	6mbeA1.pdb1
6mbdA1.pdb1	6mbdC1.pdb1
6mbcA1.pdb1	6mbcB1.pdb1
6mbbA1.pdb1	6mbbB1.pdb1
5eykA1.pdb1	5eykD1.pdb1
2ykaB1.pdb1	2ykaA1.pdb1
3vu5A1.pdb1	3vu5B2.pdb1
3vumA1.pdb1	3vumF1.pdb1
4ux9H1.pdb1	4ux9C1.pdb1
6cnlA1.pdb1	6cnlM1.pdb1
5vb9A1.pdb1	5vb9C1.pdb1
4pz5B1.pdb1	4pz5A1.pdb1
6pz9C1.pdb1	6pz9D1.pdb1
4c3pA1.pdb1	4c3pB1.pdb1
4mnwA1.pdb1	4mnwB1.pdb1
4mnyC1.pdb1	4mnyA1.pdb1
2mnjA1.pdb1	2mnjB1.pdb1
4mn8C1.pdb1	4mn8A1.pdb1
5mn9A1.pdb1	5mn9C1.pdb1
6mnlA1.pdb1	6mnlB1.pdb1
3b71E1.pdb2	3b71B1.pdb2
5ly2A1.pdb1	5ly2E1.pdb1
5ly3B1.pdb1	5ly3A1.pdb1
5ly1C1.pdb1	5ly1E1.pdb1
5en7F1.pdb2	5en7E1.pdb2
4xifH1.pdb4	4xifD1.pdb4
3kl8I1.pdb2	3kl8B2.pdb2
5ninA1.pdb2	5ninC1.pdb2
6niyR1.pdb1	6niyP1.pdb1
5lhzC1.pdb3	5lhzF1.pdb3
2nnuB1.pdb1	2nnuA1.pdb1
5lmxG1.pdb1	5lmxD1.pdb1
5lmfD1.pdb1	5lmfA1.pdb1
5lm5C1.pdb1	5lm5A1.pdb1
5lmgB1.pdb2	5lmgC1.pdb2
5eotA1.pdb1	5eotC1.pdb1
6gy2C1.pdb2	6gy2B1.pdb2
6gy5A1.pdb1	6gy5U1.pdb1
6iuaA1.pdb1	6iuaB1.pdb1
3iuxC1.pdb2	3iuxD1.pdb2
5ojrE1.pdb1	5ojrA1.pdb1
5oo6S1.pdb7	5oo6U1.pdb7
5di9D1.pdb1	5di9C1.pdb1
5difD1.pdb1	5difC1.pdb1
5b4wG1.pdb1	5b4wA1.pdb1
4b45A1.pdb1	4b45B1.pdb1
3i8eC1.pdb1	3i8eA1.pdb1
3i8cB1.pdb1	3i8cA1.pdb1
3i89A1.pdb1	3i89B1.pdb1
5ummB1.pdb1	5ummA1.pdb1
4um9D1.pdb1	4um9F1.pdb1
3w3wB1.pdb1	3w3wA1.pdb1
